<?xml version="1.0" encoding="UTF-8"?>
<!-- Generated by org.testng.reporters.JUnitReportReporter -->
<testsuite hostname="Rakeshs-MacBook-Pro.local" failures="0" tests="5" name="android.hotel.LoginMultiGuest" time="0.001" errors="0" timestamp="2022-04-23T14:26:52 IST" skipped="0">
  <testcase classname="android.hotel.LoginMultiGuest" name="LoginMultiGuest4" time="0.001"/>
  <system-out/>
  <testcase classname="android.hotel.LoginMultiGuest" name="LoginMultiGuest5" time="0.000"/>
  <system-out/>
  <testcase classname="android.hotel.LoginMultiGuest" name="LoginMultiGuest2" time="0.000"/>
  <system-out/>
  <testcase classname="android.hotel.LoginMultiGuest" name="LoginMultiGuest1" time="0.000"/>
  <system-out/>
  <testcase classname="android.hotel.LoginMultiGuest" name="LoginMultiGuest3" time="0.000"/>
  <system-out/>
</testsuite> <!-- android.hotel.LoginMultiGuest -->
