<?xml version="1.0" encoding="UTF-8"?>
<!-- Generated by org.testng.reporters.JUnitReportReporter -->
<testsuite hostname="Rakeshs-MacBook-Pro.local" failures="0" tests="1" name="android.hotel.NonLoginMultiGuest" time="0.000" errors="0" timestamp="2022-04-23T14:26:52 IST" skipped="0">
  <testcase classname="android.hotel.NonLoginMultiGuest" name="NonLoginMultiGuest5" time="0.000"/>
  <system-out/>
</testsuite> <!-- android.hotel.NonLoginMultiGuest -->
