<?xml version="1.0" encoding="UTF-8"?>
<!-- Generated by org.testng.reporters.JUnitReportReporter -->
<testsuite hostname="Rakeshs-MacBook-Pro.local" failures="0" tests="6" name="android.hotel.Login" time="0.010" errors="0" timestamp="2022-04-23T14:26:52 IST" skipped="0">
  <testcase classname="android.hotel.Login" name="Login6" time="0.001"/>
  <system-out/>
  <testcase classname="android.hotel.Login" name="Login4" time="0.001"/>
  <system-out/>
  <testcase classname="android.hotel.Login" name="Login5" time="0.001"/>
  <system-out/>
  <testcase classname="android.hotel.Login" name="Login2" time="0.001"/>
  <system-out/>
  <testcase classname="android.hotel.Login" name="Login3" time="0.001"/>
  <system-out/>
  <testcase classname="android.hotel.Login" name="Login1" time="0.005"/>
  <system-out/>
</testsuite> <!-- android.hotel.Login -->
