<?xml version="1.0" encoding="UTF-8"?>
<!-- Generated by org.testng.reporters.JUnitReportReporter -->
<testsuite hostname="Rakeshs-MacBook-Pro.local" failures="0" tests="5" name="android.hotel.LoginSingleGuest" time="0.005" errors="0" timestamp="2022-04-23T14:26:52 IST" skipped="0">
  <testcase classname="android.hotel.LoginSingleGuest" name="LoginSingleGuest1" time="0.001"/>
  <system-out/>
  <testcase classname="android.hotel.LoginSingleGuest" name="LoginSingleGuest5" time="0.001"/>
  <system-out/>
  <testcase classname="android.hotel.LoginSingleGuest" name="LoginSingleGuest4" time="0.001"/>
  <system-out/>
  <testcase classname="android.hotel.LoginSingleGuest" name="LoginSingleGuest2" time="0.001"/>
  <system-out/>
  <testcase classname="android.hotel.LoginSingleGuest" name="LoginSingleGuest3" time="0.001"/>
  <system-out/>
</testsuite> <!-- android.hotel.LoginSingleGuest -->
